Сборка начата 20.10.2021 22:18:49.
Уровень детализации журнала: Normal.     1>Проект "E:\Лабораторные\Основы программой инженерии\Lab5\Lab5\Zadanie6\Zadanie6.vcxproj" в узле 2 (целевые объекты Build).
     1>InitializeBuildStatus:
         Обращение к "Debug\Zadanie6.tlog\unsuccessfulbuild".
       ClCompile:
         C:\Program Files (x86)\Microsoft Visual Studio\2019\Community\VC\Tools\MSVC\14.29.30133\bin\HostX86\x86\CL.exe /c /ZI /JMC /nologo /W3 /WX- /diagnostics:column /sdl /Od /Oy- /D WIN32 /D _DEBUG /D _CONSOLE /D _UNICODE /D UNICODE /Gm- /EHsc /RTC1 /MDd /GS /fp:precise /permissive- /Zc:wchar_t /Zc:forScope /Zc:inline /Fo"Debug\\" /Fd"Debug\vc142.pdb" /external:W3 /Gd /TP /analyze- /FC /errorReport:prompt Zadanie6.cpp
         Zadanie6.cpp
     1>E:\Лабораторные\Основы программой инженерии\Lab5\Lab5\Zadanie6\Zadanie6.cpp(3,1): warning C4326: возвращаемый тип "main" должен быть "int", а не "void"
       Link:
         C:\Program Files (x86)\Microsoft Visual Studio\2019\Community\VC\Tools\MSVC\14.29.30133\bin\HostX86\x86\link.exe /ERRORREPORT:PROMPT /OUT:"E:\Лабораторные\Основы программой инженерии\Lab5\Lab5\Debug\Zadanie6.exe" /INCREMENTAL /ILK:"Debug\Zadanie6.ilk" /NOLOGO kernel32.lib user32.lib gdi32.lib winspool.lib comdlg32.lib advapi32.lib shell32.lib ole32.lib oleaut32.lib uuid.lib odbc32.lib odbccp32.lib /MANIFEST /MANIFESTUAC:"level='asInvoker' uiAccess='false'" /manifest:embed /DEBUG /PDB:"E:\Лабораторные\Основы программой инженерии\Lab5\Lab5\Debug\Zadanie6.pdb" /SUBSYSTEM:CONSOLE /TLBID:1 /DYNAMICBASE /NXCOMPAT /IMPLIB:"E:\Лабораторные\Основы программой инженерии\Lab5\Lab5\Debug\Zadanie6.lib" /MACHINE:X86 Debug\Zadanie6.obj
         Zadanie6.vcxproj -> E:\Лабораторные\Основы программой инженерии\Lab5\Lab5\Debug\Zadanie6.exe
       FinalizeBuildStatus:
         Файл "Debug\Zadanie6.tlog\unsuccessfulbuild" удаляется.
         Обращение к "Debug\Zadanie6.tlog\Zadanie6.lastbuildstate".
     1>Сборка проекта "E:\Лабораторные\Основы программой инженерии\Lab5\Lab5\Zadanie6\Zadanie6.vcxproj" завершена (целевые объекты Build).

Сборка успешно завершена.

       "E:\Лабораторные\Основы программой инженерии\Lab5\Lab5\Zadanie6\Zadanie6.vcxproj" (целевой объект Build ) (1) ->
       (Целевой объект ClCompile) -> 
         E:\Лабораторные\Основы программой инженерии\Lab5\Lab5\Zadanie6\Zadanie6.cpp(3,1): warning C4326: возвращаемый тип "main" должен быть "int", а не "void"

    Предупреждений: 1
    Ошибок: 0

Прошло времени 00:00:04.32
