Сборка начата 26.10.2021 20:51:52.
Уровень детализации журнала: Normal.     1>Проект "E:\Лабораторные\Основы программой инженерии\Lab6\Lab6\Lab6\Lab6.vcxproj" в узле 2 (целевые объекты Build).
     1>InitializeBuildStatus:
         Создание "Debug\Lab6.tlog\unsuccessfulbuild", так как было задано "AlwaysCreate".
       ClCompile:
         C:\Program Files (x86)\Microsoft Visual Studio\2019\Community\VC\Tools\MSVC\14.29.30133\bin\HostX86\x86\CL.exe /c /ZI /JMC /nologo /W3 /WX- /diagnostics:column /sdl /Od /Oy- /D WIN32 /D _DEBUG /D _CONSOLE /D _UNICODE /D UNICODE /Gm- /EHsc /RTC1 /MDd /GS /fp:precise /permissive- /Zc:wchar_t /Zc:forScope /Zc:inline /Fo"Debug\\" /Fd"Debug\vc142.pdb" /external:W3 /Gd /TP /analyze- /FC /errorReport:prompt vybor1.cpp
         vybor1.cpp
     1>E:\Лабораторные\Основы программой инженерии\Lab6\Lab6\Lab6\vybor1.cpp(10,7): warning C4101: symb1: неиспользованная локальная переменная
     1>E:\Лабораторные\Основы программой инженерии\Lab6\Lab6\Lab6\vybor1.cpp(10,14): warning C4101: symb_2: неиспользованная локальная переменная
       Link:
         C:\Program Files (x86)\Microsoft Visual Studio\2019\Community\VC\Tools\MSVC\14.29.30133\bin\HostX86\x86\link.exe /ERRORREPORT:PROMPT /OUT:"E:\Лабораторные\Основы программой инженерии\Lab6\Lab6\Debug\Lab6.exe" /INCREMENTAL /ILK:"Debug\Lab6.ilk" /NOLOGO kernel32.lib user32.lib gdi32.lib winspool.lib comdlg32.lib advapi32.lib shell32.lib ole32.lib oleaut32.lib uuid.lib odbc32.lib odbccp32.lib /MANIFEST /MANIFESTUAC:"level='asInvoker' uiAccess='false'" /manifest:embed /DEBUG /PDB:"E:\Лабораторные\Основы программой инженерии\Lab6\Lab6\Debug\Lab6.pdb" /SUBSYSTEM:CONSOLE /TLBID:1 /DYNAMICBASE /NXCOMPAT /IMPLIB:"E:\Лабораторные\Основы программой инженерии\Lab6\Lab6\Debug\Lab6.lib" /MACHINE:X86 Debug\Lab6.obj
         Debug\vybor1.obj
         Debug\vybor2.obj
         Debug\vybor3.obj
         Lab6.vcxproj -> E:\Лабораторные\Основы программой инженерии\Lab6\Lab6\Debug\Lab6.exe
       FinalizeBuildStatus:
         Файл "Debug\Lab6.tlog\unsuccessfulbuild" удаляется.
         Обращение к "Debug\Lab6.tlog\Lab6.lastbuildstate".
     1>Сборка проекта "E:\Лабораторные\Основы программой инженерии\Lab6\Lab6\Lab6\Lab6.vcxproj" завершена (целевые объекты Build).

Сборка успешно завершена.

       "E:\Лабораторные\Основы программой инженерии\Lab6\Lab6\Lab6\Lab6.vcxproj" (целевой объект Build ) (1) ->
       (Целевой объект ClCompile) -> 
         E:\Лабораторные\Основы программой инженерии\Lab6\Lab6\Lab6\vybor1.cpp(10,7): warning C4101: symb1: неиспользованная локальная переменная
         E:\Лабораторные\Основы программой инженерии\Lab6\Lab6\Lab6\vybor1.cpp(10,14): warning C4101: symb_2: неиспользованная локальная переменная

    Предупреждений: 2
    Ошибок: 0

Прошло времени 00:00:03.20
